<?xml version="1.0" encoding="UTF-8"?>
<testsuites name="Mocha Tests" time="1.194" tests="1" failures="0">
  <testsuite name="Root Suite" timestamp="2026-01-18T14:35:27" tests="0" file="cypress\e2e\login.cy.js" time="0.000" failures="0">
  </testsuite>
  <testsuite name="Login" timestamp="2026-01-18T14:35:27" tests="1" time="1.192" failures="0">
    <testcase name="Login Realizar login informando credenciais inválidas" time="1.166" classname="Realizar login informando credenciais inválidas">
    </testcase>
  </testsuite>
</testsuites>