<?xml version="1.0" encoding="UTF-8"?>
<testsuites name="Mocha Tests" time="4.259" tests="2" failures="0">
  <testsuite name="Root Suite" timestamp="2026-01-18T14:35:20" tests="0" file="cypress\e2e\carrinho.cy.js" time="0.000" failures="0">
  </testsuite>
  <testsuite name="Carrinho" timestamp="2026-01-18T14:35:20" tests="2" time="4.258" failures="0">
    <testcase name="Carrinho Adicionar produto ao carrinho com sucesso" time="2.573" classname="Adicionar produto ao carrinho com sucesso">
    </testcase>
    <testcase name="Carrinho Remover produto do carrinho com sucesso" time="1.642" classname="Remover produto do carrinho com sucesso">
    </testcase>
  </testsuite>
</testsuites>